#-----------------------------------------------------------
# Vivado v2019.2 (64-bit)
# SW Build 2708876 on Wed Nov  6 21:40:23 MST 2019
# IP Build 2700528 on Thu Nov  7 00:09:20 MST 2019
# Start of session at: Sat Nov  4 18:58:48 2023
# Process ID: 15280
# Current directory: C:/Users/Dell/Desktop/ibfgs/verilog/LinearSearch_facescape.srcs/sources_1/ip/float_to_fixed
# Command line: vivado.exe -gui_launcher_event rodinguilauncherevent22284 C:\Users\Dell\Desktop\ibfgs\verilog\LinearSearch_facescape.srcs\sources_1\ip\float_to_fixed\float_to_fixed.dcp
# Log file: C:/Users/Dell/Desktop/ibfgs/verilog/LinearSearch_facescape.srcs/sources_1/ip/float_to_fixed/vivado.log
# Journal file: C:/Users/Dell/Desktop/ibfgs/verilog/LinearSearch_facescape.srcs/sources_1/ip/float_to_fixed\vivado.jou
#-----------------------------------------------------------
start_gui
open_checkpoint C:/Users/Dell/Desktop/ibfgs/verilog/LinearSearch_facescape.srcs/sources_1/ip/float_to_fixed/float_to_fixed.dcp
Command: open_checkpoint C:/Users/Dell/Desktop/ibfgs/verilog/LinearSearch_facescape.srcs/sources_1/ip/float_to_fixed/float_to_fixed.dcp

Starting open_checkpoint Task

Time (s): cpu = 00:00:00 ; elapsed = 00:00:00.023 . Memory (MB): peak = 718.348 ; gain = 0.000
INFO: [IP_Flow 19-234] Refreshing IP repositories
INFO: [IP_Flow 19-1704] No user IP repositories specified
INFO: [IP_Flow 19-2313] Loaded Vivado IP repository 'C:/Xilinx/Vivado/2019.2/data/ip'.
INFO: [Device 21-403] Loading part xcvu190-flgc2104-2-e
Netlist sorting complete. Time (s): cpu = 00:00:00 ; elapsed = 00:00:00.005 . Memory (MB): peak = 1664.211 ; gain = 0.000
INFO: [Netlist 29-17] Analyzing 13 Unisim elements for replacement
INFO: [Netlist 29-28] Unisim Transformation completed in 0 CPU seconds
INFO: [Project 1-479] Netlist was created with Vivado 2019.2
INFO: [Project 1-570] Preparing netlist for logic optimization
Netlist sorting complete. Time (s): cpu = 00:00:00 ; elapsed = 00:00:00 . Memory (MB): peak = 1760.289 ; gain = 0.000
INFO: [Project 1-111] Unisim Transformation Summary:
No Unisim elements were transformed.

INFO: [Project 1-604] Checkpoint was created with Vivado v2019.2 (64-bit) build 2708876
open_checkpoint: Time (s): cpu = 00:00:25 ; elapsed = 00:00:14 . Memory (MB): peak = 2229.168 ; gain = 1528.824
close_project
create_project project_test C:/Users/Dell/Desktop/IC/project_test -part xc7vx485tffg1157-1
INFO: [IP_Flow 19-234] Refreshing IP repositories
INFO: [IP_Flow 19-1704] No user IP repositories specified
INFO: [IP_Flow 19-2313] Loaded Vivado IP repository 'C:/Xilinx/Vivado/2019.2/data/ip'.
add_files -fileset constrs_1 -norecurse C:/Users/Dell/Desktop/ibfgs/verilog/LinearSearch_facescape.srcs/constrs_1/time.xdc
add_files {C:/Users/Dell/Desktop/ibfgs/verilog/LinearSearch_facescape.srcs/sim_1/new/tb_obj_func.sv C:/Users/Dell/Desktop/ibfgs/verilog/LinearSearch_facescape.srcs/sim_1/new/tb_functionf.sv C:/Users/Dell/Desktop/ibfgs/verilog/LinearSearch_facescape.srcs/sim_1/new/tb_compute_alpha2.sv C:/Users/Dell/Desktop/ibfgs/verilog/LinearSearch_facescape.srcs/sim_1/new/tb_function_subf.sv C:/Users/Dell/Desktop/ibfgs/verilog/LinearSearch_facescape.srcs/sim_1/new/tb_LBFGS.sv C:/Users/Dell/Desktop/ibfgs/verilog/LinearSearch_facescape.srcs/sim_1/new/addertree_testbench.sv C:/Users/Dell/Desktop/ibfgs/verilog/LinearSearch_facescape.srcs/sim_1/new/tb_LBFGS_v1.sv C:/Users/Dell/Desktop/ibfgs/verilog/LinearSearch_facescape.srcs/sim_1/new/tb_SDU.sv C:/Users/Dell/Desktop/ibfgs/verilog/LinearSearch_facescape.srcs/sim_1/new/tb_SearchLength.sv}
update_compile_order -fileset sources_1
update_compile_order -fileset sources_1
exit
INFO: [Common 17-206] Exiting Vivado at Sat Nov  4 19:06:35 2023...
